============================= test session starts =============================
platform win32 -- Python 3.12.12, pytest-8.3.1, pluggy-1.6.0 -- D:\Github\Medical_chatbot\.venv\Scripts\python.exe
codspeed: 4.3.0 (disabled, mode: walltime, callgraph: not supported, timer_resolution: 100.0ns)
cachedir: .pytest_cache
benchmark: 5.2.3 (defaults: timer=time.perf_counter disable_gc=False min_rounds=5 min_time=0.000005 max_time=1.0 calibration_precision=10 warmup=False warmup_iterations=100000)
rootdir: D:\Github\Medical_chatbot
plugins: anyio-4.12.1, langsmith-0.7.7, asyncio-1.3.0, benchmark-5.2.3, codspeed-4.3.0, flask-1.3.0, recording-0.13.4, socket-0.7.0, syrupy-4.9.1
asyncio: mode=Mode.STRICT, debug=False, asyncio_default_fixture_loop_scope=None, asyncio_default_test_loop_scope=function
collecting ... collected 0 items / 1 error

=================================== ERRORS ====================================
_____________________ ERROR collecting tests/test_app.py ______________________
ImportError while importing test module 'D:\Github\Medical_chatbot\tests\test_app.py'.
Hint: make sure your test modules/packages have valid Python names.
Traceback:
C:\Users\sadja\AppData\Roaming\uv\python\cpython-3.12-windows-x86_64-none\Lib\importlib\__init__.py:90: in import_module
    return _bootstrap._gcd_import(name[level:], package, level)
tests\test_app.py:3: in <module>
    from app import create_app
app.py:2: in <module>
    from src.helper import download_hugging_face_embeddings
src\helper.py:3: in <module>
    from langchain_huggingface import HuggingFaceEmbeddings
E   ModuleNotFoundError: No module named 'langchain_huggingface'
=========================== short test summary info ===========================
ERROR tests/test_app.py
!!!!!!!!!!!!!!!!!!! Interrupted: 1 error during collection !!!!!!!!!!!!!!!!!!!!
============================== 1 error in 5.16s ===============================
